<?xml version="1.0" encoding="UTF-8"?>
<coverage generated="1608945775361" clover="3.2.0">
  <project timestamp="1608945775361" name="All files">
    <metrics statements="14" coveredstatements="14" conditionals="8" coveredconditionals="6" methods="4" coveredmethods="3" elements="26" coveredelements="23" complexity="0" loc="14" ncloc="14" packages="1" files="2" classes="2"/>
    <file name="doSync.ts" path="/mnt/c/Users/thoma/OneDrive/Documents/devel/do-sync/src/doSync.ts">
      <metrics statements="12" coveredstatements="12" conditionals="8" coveredconditionals="6" methods="3" coveredmethods="3"/>
      <line num="1" count="1" type="stmt"/>
      <line num="33" count="4" type="stmt"/>
      <line num="52" count="1" type="stmt"/>
      <line num="56" count="4" type="cond" truecount="2" falsecount="0"/>
      <line num="57" count="4" type="stmt"/>
      <line num="63" count="4" type="stmt"/>
      <line num="64" count="4" type="cond" truecount="1" falsecount="1"/>
      <line num="65" count="4" type="cond" truecount="1" falsecount="1"/>
      <line num="67" count="4" type="stmt"/>
      <line num="69" count="4" type="cond" truecount="2" falsecount="0"/>
      <line num="70" count="2" type="stmt"/>
      <line num="74" count="1" type="stmt"/>
    </file>
    <file name="index.ts" path="/mnt/c/Users/thoma/OneDrive/Documents/devel/do-sync/src/index.ts">
      <metrics statements="2" coveredstatements="2" conditionals="0" coveredconditionals="0" methods="1" coveredmethods="0"/>
      <line num="1" count="1" type="stmt"/>
      <line num="2" count="1" type="stmt"/>
    </file>
  </project>
</coverage>
