{"/mnt/c/Users/thoma/Documents/devel/do-sync/src/doSync.ts": {"path":"/mnt/c/Users/thoma/Documents/devel/do-sync/src/doSync.ts","statementMap":{"0":{"start":{"line":1,"column":0},"end":{"line":1,"column":37}},"1":{"start":{"line":18,"column":4},"end":{"line":24,"column":null}},"2":{"start":{"line":18,"column":19},"end":{"line":24,"column":null}},"3":{"start":{"line":27,"column":13},"end":{"line":41,"column":null}},"4":{"start":{"line":31,"column":10},"end":{"line":41,"column":5}},"5":{"start":{"line":32,"column":21},"end":{"line":34,"column":10}},"6":{"start":{"line":36,"column":8},"end":{"line":36,"column":36}},"7":{"start":{"line":36,"column":24},"end":{"line":36,"column":36}},"8":{"start":{"line":37,"column":23},"end":{"line":37,"column":59}},"9":{"start":{"line":38,"column":8},"end":{"line":38,"column":42}},"10":{"start":{"line":38,"column":20},"end":{"line":38,"column":42}},"11":{"start":{"line":40,"column":8},"end":{"line":40,"column":57}},"12":{"start":{"line":44,"column":0},"end":{"line":44,"column":22}}},"fnMap":{"0":{"name":"(anonymous_1)","decl":{"start":{"line":18,"column":4},"end":{"line":18,"column":5}},"loc":{"start":{"line":18,"column":19},"end":{"line":24,"column":null}}},"1":{"name":"(anonymous_2)","decl":{"start":{"line":31,"column":4},"end":{"line":31,"column":6}},"loc":{"start":{"line":31,"column":10},"end":{"line":41,"column":5}}},"2":{"name":"(anonymous_3)","decl":{"start":{"line":31,"column":10},"end":{"line":31,"column":11}},"loc":{"start":{"line":31,"column":20},"end":{"line":41,"column":5}}}},"branchMap":{"0":{"loc":{"start":{"line":36,"column":8},"end":{"line":36,"column":36}},"type":"if","locations":[{"start":{"line":36,"column":8},"end":{"line":36,"column":36}},{"start":{"line":36,"column":8},"end":{"line":36,"column":36}}]},"1":{"loc":{"start":{"line":38,"column":8},"end":{"line":38,"column":42}},"type":"if","locations":[{"start":{"line":38,"column":8},"end":{"line":38,"column":42}},{"start":{"line":38,"column":8},"end":{"line":38,"column":42}}]}},"s":{"0":1,"1":1,"2":2,"3":1,"4":2,"5":2,"6":2,"7":0,"8":2,"9":2,"10":0,"11":2,"12":1},"f":{"0":2,"1":2,"2":2},"b":{"0":[0,2],"1":[0,2]}}
,"/mnt/c/Users/thoma/Documents/devel/do-sync/src/index.ts": {"path":"/mnt/c/Users/thoma/Documents/devel/do-sync/src/index.ts","statementMap":{"0":{"start":{"line":1,"column":0},"end":{"line":1,"column":25}},"1":{"start":{"line":2,"column":0},"end":{"line":2,"column":9}},"2":{"start":{"line":2,"column":9},"end":{"line":2,"column":34}}},"fnMap":{},"branchMap":{},"s":{"0":1,"1":1,"2":1},"f":{},"b":{}}
}
