{"/mnt/c/Users/thoma/Documents/devel/do-sync/src/doSync.ts": {"path":"/mnt/c/Users/thoma/Documents/devel/do-sync/src/doSync.ts","statementMap":{"0":{"start":{"line":1,"column":0},"end":{"line":1,"column":37}},"1":{"start":{"line":25,"column":4},"end":{"line":31,"column":null}},"2":{"start":{"line":25,"column":19},"end":{"line":31,"column":null}},"3":{"start":{"line":43,"column":13},"end":{"line":57,"column":null}},"4":{"start":{"line":47,"column":10},"end":{"line":57,"column":5}},"5":{"start":{"line":48,"column":21},"end":{"line":50,"column":10}},"6":{"start":{"line":52,"column":23},"end":{"line":52,"column":59}},"7":{"start":{"line":53,"column":8},"end":{"line":53,"column":42}},"8":{"start":{"line":53,"column":20},"end":{"line":53,"column":42}},"9":{"start":{"line":54,"column":8},"end":{"line":54,"column":41}},"10":{"start":{"line":54,"column":24},"end":{"line":54,"column":41}},"11":{"start":{"line":56,"column":8},"end":{"line":56,"column":57}},"12":{"start":{"line":60,"column":0},"end":{"line":60,"column":22}}},"fnMap":{"0":{"name":"(anonymous_1)","decl":{"start":{"line":25,"column":4},"end":{"line":25,"column":5}},"loc":{"start":{"line":25,"column":19},"end":{"line":31,"column":null}}},"1":{"name":"(anonymous_2)","decl":{"start":{"line":47,"column":4},"end":{"line":47,"column":6}},"loc":{"start":{"line":47,"column":10},"end":{"line":57,"column":5}}},"2":{"name":"(anonymous_3)","decl":{"start":{"line":47,"column":10},"end":{"line":47,"column":11}},"loc":{"start":{"line":47,"column":20},"end":{"line":57,"column":5}}}},"branchMap":{"0":{"loc":{"start":{"line":53,"column":8},"end":{"line":53,"column":42}},"type":"if","locations":[{"start":{"line":53,"column":8},"end":{"line":53,"column":42}},{"start":{"line":53,"column":8},"end":{"line":53,"column":42}}]},"1":{"loc":{"start":{"line":54,"column":8},"end":{"line":54,"column":41}},"type":"if","locations":[{"start":{"line":54,"column":8},"end":{"line":54,"column":41}},{"start":{"line":54,"column":8},"end":{"line":54,"column":41}}]}},"s":{"0":1,"1":1,"2":2,"3":1,"4":2,"5":2,"6":2,"7":2,"8":1,"9":2,"10":0,"11":2,"12":1},"f":{"0":2,"1":2,"2":2},"b":{"0":[1,1],"1":[0,2]}}
,"/mnt/c/Users/thoma/Documents/devel/do-sync/src/index.ts": {"path":"/mnt/c/Users/thoma/Documents/devel/do-sync/src/index.ts","statementMap":{"0":{"start":{"line":1,"column":0},"end":{"line":1,"column":25}},"1":{"start":{"line":2,"column":0},"end":{"line":2,"column":9}},"2":{"start":{"line":2,"column":9},"end":{"line":2,"column":34}}},"fnMap":{},"branchMap":{},"s":{"0":1,"1":1,"2":1},"f":{},"b":{}}
}
