TN:
SF:src/doSync.ts
FN:33,(anonymous_1)
FN:56,(anonymous_2)
FN:56,(anonymous_3)
FNF:3
FNH:3
FNDA:4,(anonymous_1)
FNDA:4,(anonymous_2)
FNDA:4,(anonymous_3)
DA:1,1
DA:33,4
DA:52,1
DA:56,4
DA:57,4
DA:63,4
DA:64,4
DA:65,4
DA:67,4
DA:69,4
DA:70,2
DA:74,1
LF:12
LH:12
BRDA:56,0,0,4
BRDA:56,1,0,4
BRDA:64,2,0,0
BRDA:64,2,1,4
BRDA:65,3,0,0
BRDA:65,3,1,4
BRDA:69,4,0,2
BRDA:69,4,1,2
BRF:8
BRH:6
end_of_record
TN:
SF:src/index.ts
FN:2,(anonymous_4)
FNF:1
FNH:0
FNDA:0,(anonymous_4)
DA:1,1
DA:2,1
LF:2
LH:2
BRF:0
BRH:0
end_of_record
